2024-05-20 11:28:22 정보   - Oracle SQL Developer Data Modeler 19.4.0.350.1424
2024-05-20 15:15:55 정보   - Oracle SQL Developer Data Modeler 19.4.0.350.1424
2024-05-21 13:58:43 정보   - Oracle SQL Developer Data Modeler 19.4.0.350.1424
2024-05-21 17:18:38 심각   - Illegal argument for setter
java.lang.IllegalArgumentException: object is not an instance of declaring class
	at sun.reflect.NativeMethodAccessorImpl.invoke0(Native Method)
	at sun.reflect.NativeMethodAccessorImpl.invoke(NativeMethodAccessorImpl.java:62)
	at sun.reflect.DelegatingMethodAccessorImpl.invoke(DelegatingMethodAccessorImpl.java:43)
	at java.lang.reflect.Method.invoke(Method.java:498)
	at oracle.dbtools.crest.model.metadata.MDTransformer.setProperty(MDTransformer.java:76)
	at oracle.dbtools.crest.model.metadata.XMLMapToObjTransformer.processProperties(XMLMapToObjTransformer.java:169)
	at oracle.dbtools.crest.model.metadata.XMLMapToObjTransformer.transformFromMap(XMLMapToObjTransformer.java:117)
	at oracle.dbtools.crest.model.metadata.XMLTransformationManager.transformFromMapToObject(XMLTransformationManager.java:1944)
	at oracle.dbtools.crest.model.metadata.XMLTransformationManager.transformFromMapToObject(XMLTransformationManager.java:1938)
	at oracle.dbtools.crest.model.design.storage.StorageDesign.cloneFromMemoryToAnotherSD_MD(StorageDesign.java:2862)
	at oracle.dbtools.crest.model.design.storage.StorageDesign.cloneFromMemoryToAnotherSD_MD(StorageDesign.java:2730)
	at oracle.dbtools.crest.model.design.compare.MergingModels.execute(MergingModels.java:194)
	at oracle.dbtools.crest.fcp.ERDEditor.copyToDataModeler(ERDEditor.java:487)
	at oracle.dbtools.crest.fcp.ERDEditor.handleEvent(ERDEditor.java:180)
	at oracle.ide.controller.IdeAction$ControllerDelegatingController.handleEvent(IdeAction.java:1488)
	at oracle.ide.controller.IdeAction.performAction(IdeAction.java:663)
	at oracle.ide.controller.IdeAction.actionPerformedImpl(IdeAction.java:1159)
	at oracle.ide.controller.IdeAction.actionPerformed(IdeAction.java:618)
	at javax.swing.AbstractButton.fireActionPerformed(AbstractButton.java:2022)
	at javax.swing.AbstractButton$Handler.actionPerformed(AbstractButton.java:2348)
	at javax.swing.DefaultButtonModel.fireActionPerformed(DefaultButtonModel.java:402)
	at javax.swing.DefaultButtonModel.setPressed(DefaultButtonModel.java:259)
	at javax.swing.plaf.basic.BasicButtonListener.mouseReleased(BasicButtonListener.java:252)
	at java.awt.AWTEventMulticaster.mouseReleased(AWTEventMulticaster.java:290)
	at java.awt.Component.processMouseEvent(Component.java:6539)
	at javax.swing.JComponent.processMouseEvent(JComponent.java:3324)
	at java.awt.Component.processEvent(Component.java:6304)
	at java.awt.Container.processEvent(Container.java:2239)
	at java.awt.Component.dispatchEventImpl(Component.java:4889)
	at java.awt.Container.dispatchEventImpl(Container.java:2297)
	at java.awt.Component.dispatchEvent(Component.java:4711)
	at java.awt.LightweightDispatcher.retargetMouseEvent(Container.java:4904)
	at java.awt.LightweightDispatcher.processMouseEvent(Container.java:4535)
	at java.awt.LightweightDispatcher.dispatchEvent(Container.java:4476)
	at java.awt.Container.dispatchEventImpl(Container.java:2283)
	at java.awt.Window.dispatchEventImpl(Window.java:2746)
	at java.awt.Component.dispatchEvent(Component.java:4711)
	at java.awt.EventQueue.dispatchEventImpl(EventQueue.java:760)
	at java.awt.EventQueue.access$500(EventQueue.java:97)
	at java.awt.EventQueue$3.run(EventQueue.java:709)
	at java.awt.EventQueue$3.run(EventQueue.java:703)
	at java.security.AccessController.doPrivileged(Native Method)
	at java.security.ProtectionDomain$JavaSecurityAccessImpl.doIntersectionPrivilege(ProtectionDomain.java:74)
	at java.security.ProtectionDomain$JavaSecurityAccessImpl.doIntersectionPrivilege(ProtectionDomain.java:84)
	at java.awt.EventQueue$4.run(EventQueue.java:733)
	at java.awt.EventQueue$4.run(EventQueue.java:731)
	at java.security.AccessController.doPrivileged(Native Method)
	at java.security.ProtectionDomain$JavaSecurityAccessImpl.doIntersectionPrivilege(ProtectionDomain.java:74)
	at java.awt.EventQueue.dispatchEvent(EventQueue.java:730)
	at oracle.javatools.internal.ui.EventQueueWrapper._dispatchEvent(EventQueueWrapper.java:169)
	at oracle.javatools.internal.ui.EventQueueWrapper.dispatchEvent(EventQueueWrapper.java:151)
	at java.awt.EventDispatchThread.pumpOneEventForFilters(EventDispatchThread.java:205)
	at java.awt.EventDispatchThread.pumpEventsForFilter(EventDispatchThread.java:116)
	at java.awt.EventDispatchThread.pumpEventsForHierarchy(EventDispatchThread.java:105)
	at java.awt.EventDispatchThread.pumpEvents(EventDispatchThread.java:101)
	at java.awt.EventDispatchThread.pumpEvents(EventDispatchThread.java:93)
	at java.awt.EventDispatchThread.run(EventDispatchThread.java:82)
2024-05-21 17:18:38 심각   - Illegal argument for setter
java.lang.IllegalArgumentException: object is not an instance of declaring class
	at sun.reflect.NativeMethodAccessorImpl.invoke0(Native Method)
	at sun.reflect.NativeMethodAccessorImpl.invoke(NativeMethodAccessorImpl.java:62)
	at sun.reflect.DelegatingMethodAccessorImpl.invoke(DelegatingMethodAccessorImpl.java:43)
	at java.lang.reflect.Method.invoke(Method.java:498)
	at oracle.dbtools.crest.model.metadata.MDTransformer.setProperty(MDTransformer.java:76)
	at oracle.dbtools.crest.model.metadata.XMLMapToObjTransformer.processProperties(XMLMapToObjTransformer.java:169)
	at oracle.dbtools.crest.model.metadata.XMLMapToObjTransformer.transformFromMap(XMLMapToObjTransformer.java:117)
	at oracle.dbtools.crest.model.metadata.XMLTransformationManager.transformFromMapToObject(XMLTransformationManager.java:1944)
	at oracle.dbtools.crest.model.metadata.XMLTransformationManager.transformFromMapToObject(XMLTransformationManager.java:1938)
	at oracle.dbtools.crest.model.design.storage.StorageDesign.cloneFromMemoryToAnotherSD_MD(StorageDesign.java:2862)
	at oracle.dbtools.crest.model.design.storage.StorageDesign.cloneFromMemoryToAnotherSD_MD(StorageDesign.java:2730)
	at oracle.dbtools.crest.model.design.compare.MergingModels.execute(MergingModels.java:194)
	at oracle.dbtools.crest.fcp.ERDEditor.copyToDataModeler(ERDEditor.java:487)
	at oracle.dbtools.crest.fcp.ERDEditor.handleEvent(ERDEditor.java:180)
	at oracle.ide.controller.IdeAction$ControllerDelegatingController.handleEvent(IdeAction.java:1488)
	at oracle.ide.controller.IdeAction.performAction(IdeAction.java:663)
	at oracle.ide.controller.IdeAction.actionPerformedImpl(IdeAction.java:1159)
	at oracle.ide.controller.IdeAction.actionPerformed(IdeAction.java:618)
	at javax.swing.AbstractButton.fireActionPerformed(AbstractButton.java:2022)
	at javax.swing.AbstractButton$Handler.actionPerformed(AbstractButton.java:2348)
	at javax.swing.DefaultButtonModel.fireActionPerformed(DefaultButtonModel.java:402)
	at javax.swing.DefaultButtonModel.setPressed(DefaultButtonModel.java:259)
	at javax.swing.plaf.basic.BasicButtonListener.mouseReleased(BasicButtonListener.java:252)
	at java.awt.AWTEventMulticaster.mouseReleased(AWTEventMulticaster.java:290)
	at java.awt.Component.processMouseEvent(Component.java:6539)
	at javax.swing.JComponent.processMouseEvent(JComponent.java:3324)
	at java.awt.Component.processEvent(Component.java:6304)
	at java.awt.Container.processEvent(Container.java:2239)
	at java.awt.Component.dispatchEventImpl(Component.java:4889)
	at java.awt.Container.dispatchEventImpl(Container.java:2297)
	at java.awt.Component.dispatchEvent(Component.java:4711)
	at java.awt.LightweightDispatcher.retargetMouseEvent(Container.java:4904)
	at java.awt.LightweightDispatcher.processMouseEvent(Container.java:4535)
	at java.awt.LightweightDispatcher.dispatchEvent(Container.java:4476)
	at java.awt.Container.dispatchEventImpl(Container.java:2283)
	at java.awt.Window.dispatchEventImpl(Window.java:2746)
	at java.awt.Component.dispatchEvent(Component.java:4711)
	at java.awt.EventQueue.dispatchEventImpl(EventQueue.java:760)
	at java.awt.EventQueue.access$500(EventQueue.java:97)
	at java.awt.EventQueue$3.run(EventQueue.java:709)
	at java.awt.EventQueue$3.run(EventQueue.java:703)
	at java.security.AccessController.doPrivileged(Native Method)
	at java.security.ProtectionDomain$JavaSecurityAccessImpl.doIntersectionPrivilege(ProtectionDomain.java:74)
	at java.security.ProtectionDomain$JavaSecurityAccessImpl.doIntersectionPrivilege(ProtectionDomain.java:84)
	at java.awt.EventQueue$4.run(EventQueue.java:733)
	at java.awt.EventQueue$4.run(EventQueue.java:731)
	at java.security.AccessController.doPrivileged(Native Method)
	at java.security.ProtectionDomain$JavaSecurityAccessImpl.doIntersectionPrivilege(ProtectionDomain.java:74)
	at java.awt.EventQueue.dispatchEvent(EventQueue.java:730)
	at oracle.javatools.internal.ui.EventQueueWrapper._dispatchEvent(EventQueueWrapper.java:169)
	at oracle.javatools.internal.ui.EventQueueWrapper.dispatchEvent(EventQueueWrapper.java:151)
	at java.awt.EventDispatchThread.pumpOneEventForFilters(EventDispatchThread.java:205)
	at java.awt.EventDispatchThread.pumpEventsForFilter(EventDispatchThread.java:116)
	at java.awt.EventDispatchThread.pumpEventsForHierarchy(EventDispatchThread.java:105)
	at java.awt.EventDispatchThread.pumpEvents(EventDispatchThread.java:101)
	at java.awt.EventDispatchThread.pumpEvents(EventDispatchThread.java:93)
	at java.awt.EventDispatchThread.run(EventDispatchThread.java:82)
2024-05-21 17:18:38 심각   - Illegal argument for setter
java.lang.IllegalArgumentException: object is not an instance of declaring class
	at sun.reflect.NativeMethodAccessorImpl.invoke0(Native Method)
	at sun.reflect.NativeMethodAccessorImpl.invoke(NativeMethodAccessorImpl.java:62)
	at sun.reflect.DelegatingMethodAccessorImpl.invoke(DelegatingMethodAccessorImpl.java:43)
	at java.lang.reflect.Method.invoke(Method.java:498)
	at oracle.dbtools.crest.model.metadata.MDTransformer.setProperty(MDTransformer.java:76)
	at oracle.dbtools.crest.model.metadata.XMLMapToObjTransformer.processProperties(XMLMapToObjTransformer.java:169)
	at oracle.dbtools.crest.model.metadata.XMLMapToObjTransformer.transformFromMap(XMLMapToObjTransformer.java:117)
	at oracle.dbtools.crest.model.metadata.XMLTransformationManager.transformFromMapToObject(XMLTransformationManager.java:1944)
	at oracle.dbtools.crest.model.metadata.XMLTransformationManager.transformFromMapToObject(XMLTransformationManager.java:1938)
	at oracle.dbtools.crest.model.design.storage.StorageDesign.cloneFromMemoryToAnotherSD_MD(StorageDesign.java:2862)
	at oracle.dbtools.crest.model.design.storage.StorageDesign.cloneFromMemoryToAnotherSD_MD(StorageDesign.java:2730)
	at oracle.dbtools.crest.model.design.compare.MergingModels.execute(MergingModels.java:194)
	at oracle.dbtools.crest.fcp.ERDEditor.copyToDataModeler(ERDEditor.java:487)
	at oracle.dbtools.crest.fcp.ERDEditor.handleEvent(ERDEditor.java:180)
	at oracle.ide.controller.IdeAction$ControllerDelegatingController.handleEvent(IdeAction.java:1488)
	at oracle.ide.controller.IdeAction.performAction(IdeAction.java:663)
	at oracle.ide.controller.IdeAction.actionPerformedImpl(IdeAction.java:1159)
	at oracle.ide.controller.IdeAction.actionPerformed(IdeAction.java:618)
	at javax.swing.AbstractButton.fireActionPerformed(AbstractButton.java:2022)
	at javax.swing.AbstractButton$Handler.actionPerformed(AbstractButton.java:2348)
	at javax.swing.DefaultButtonModel.fireActionPerformed(DefaultButtonModel.java:402)
	at javax.swing.DefaultButtonModel.setPressed(DefaultButtonModel.java:259)
	at javax.swing.plaf.basic.BasicButtonListener.mouseReleased(BasicButtonListener.java:252)
	at java.awt.AWTEventMulticaster.mouseReleased(AWTEventMulticaster.java:290)
	at java.awt.Component.processMouseEvent(Component.java:6539)
	at javax.swing.JComponent.processMouseEvent(JComponent.java:3324)
	at java.awt.Component.processEvent(Component.java:6304)
	at java.awt.Container.processEvent(Container.java:2239)
	at java.awt.Component.dispatchEventImpl(Component.java:4889)
	at java.awt.Container.dispatchEventImpl(Container.java:2297)
	at java.awt.Component.dispatchEvent(Component.java:4711)
	at java.awt.LightweightDispatcher.retargetMouseEvent(Container.java:4904)
	at java.awt.LightweightDispatcher.processMouseEvent(Container.java:4535)
	at java.awt.LightweightDispatcher.dispatchEvent(Container.java:4476)
	at java.awt.Container.dispatchEventImpl(Container.java:2283)
	at java.awt.Window.dispatchEventImpl(Window.java:2746)
	at java.awt.Component.dispatchEvent(Component.java:4711)
	at java.awt.EventQueue.dispatchEventImpl(EventQueue.java:760)
	at java.awt.EventQueue.access$500(EventQueue.java:97)
	at java.awt.EventQueue$3.run(EventQueue.java:709)
	at java.awt.EventQueue$3.run(EventQueue.java:703)
	at java.security.AccessController.doPrivileged(Native Method)
	at java.security.ProtectionDomain$JavaSecurityAccessImpl.doIntersectionPrivilege(ProtectionDomain.java:74)
	at java.security.ProtectionDomain$JavaSecurityAccessImpl.doIntersectionPrivilege(ProtectionDomain.java:84)
	at java.awt.EventQueue$4.run(EventQueue.java:733)
	at java.awt.EventQueue$4.run(EventQueue.java:731)
	at java.security.AccessController.doPrivileged(Native Method)
	at java.security.ProtectionDomain$JavaSecurityAccessImpl.doIntersectionPrivilege(ProtectionDomain.java:74)
	at java.awt.EventQueue.dispatchEvent(EventQueue.java:730)
	at oracle.javatools.internal.ui.EventQueueWrapper._dispatchEvent(EventQueueWrapper.java:169)
	at oracle.javatools.internal.ui.EventQueueWrapper.dispatchEvent(EventQueueWrapper.java:151)
	at java.awt.EventDispatchThread.pumpOneEventForFilters(EventDispatchThread.java:205)
	at java.awt.EventDispatchThread.pumpEventsForFilter(EventDispatchThread.java:116)
	at java.awt.EventDispatchThread.pumpEventsForHierarchy(EventDispatchThread.java:105)
	at java.awt.EventDispatchThread.pumpEvents(EventDispatchThread.java:101)
	at java.awt.EventDispatchThread.pumpEvents(EventDispatchThread.java:93)
	at java.awt.EventDispatchThread.run(EventDispatchThread.java:82)
2024-05-21 17:18:38 심각   - Illegal argument for setter
java.lang.IllegalArgumentException: object is not an instance of declaring class
	at sun.reflect.NativeMethodAccessorImpl.invoke0(Native Method)
	at sun.reflect.NativeMethodAccessorImpl.invoke(NativeMethodAccessorImpl.java:62)
	at sun.reflect.DelegatingMethodAccessorImpl.invoke(DelegatingMethodAccessorImpl.java:43)
	at java.lang.reflect.Method.invoke(Method.java:498)
	at oracle.dbtools.crest.model.metadata.MDTransformer.setProperty(MDTransformer.java:76)
	at oracle.dbtools.crest.model.metadata.XMLMapToObjTransformer.processProperties(XMLMapToObjTransformer.java:169)
	at oracle.dbtools.crest.model.metadata.XMLMapToObjTransformer.transformFromMap(XMLMapToObjTransformer.java:117)
	at oracle.dbtools.crest.model.metadata.XMLTransformationManager.transformFromMapToObject(XMLTransformationManager.java:1944)
	at oracle.dbtools.crest.model.metadata.XMLTransformationManager.transformFromMapToObject(XMLTransformationManager.java:1938)
	at oracle.dbtools.crest.model.design.storage.StorageDesign.cloneFromMemoryToAnotherSD_MD(StorageDesign.java:2862)
	at oracle.dbtools.crest.model.design.storage.StorageDesign.cloneFromMemoryToAnotherSD_MD(StorageDesign.java:2730)
	at oracle.dbtools.crest.model.design.compare.MergingModels.execute(MergingModels.java:194)
	at oracle.dbtools.crest.fcp.ERDEditor.copyToDataModeler(ERDEditor.java:487)
	at oracle.dbtools.crest.fcp.ERDEditor.handleEvent(ERDEditor.java:180)
	at oracle.ide.controller.IdeAction$ControllerDelegatingController.handleEvent(IdeAction.java:1488)
	at oracle.ide.controller.IdeAction.performAction(IdeAction.java:663)
	at oracle.ide.controller.IdeAction.actionPerformedImpl(IdeAction.java:1159)
	at oracle.ide.controller.IdeAction.actionPerformed(IdeAction.java:618)
	at javax.swing.AbstractButton.fireActionPerformed(AbstractButton.java:2022)
	at javax.swing.AbstractButton$Handler.actionPerformed(AbstractButton.java:2348)
	at javax.swing.DefaultButtonModel.fireActionPerformed(DefaultButtonModel.java:402)
	at javax.swing.DefaultButtonModel.setPressed(DefaultButtonModel.java:259)
	at javax.swing.plaf.basic.BasicButtonListener.mouseReleased(BasicButtonListener.java:252)
	at java.awt.AWTEventMulticaster.mouseReleased(AWTEventMulticaster.java:290)
	at java.awt.Component.processMouseEvent(Component.java:6539)
	at javax.swing.JComponent.processMouseEvent(JComponent.java:3324)
	at java.awt.Component.processEvent(Component.java:6304)
	at java.awt.Container.processEvent(Container.java:2239)
	at java.awt.Component.dispatchEventImpl(Component.java:4889)
	at java.awt.Container.dispatchEventImpl(Container.java:2297)
	at java.awt.Component.dispatchEvent(Component.java:4711)
	at java.awt.LightweightDispatcher.retargetMouseEvent(Container.java:4904)
	at java.awt.LightweightDispatcher.processMouseEvent(Container.java:4535)
	at java.awt.LightweightDispatcher.dispatchEvent(Container.java:4476)
	at java.awt.Container.dispatchEventImpl(Container.java:2283)
	at java.awt.Window.dispatchEventImpl(Window.java:2746)
	at java.awt.Component.dispatchEvent(Component.java:4711)
	at java.awt.EventQueue.dispatchEventImpl(EventQueue.java:760)
	at java.awt.EventQueue.access$500(EventQueue.java:97)
	at java.awt.EventQueue$3.run(EventQueue.java:709)
	at java.awt.EventQueue$3.run(EventQueue.java:703)
	at java.security.AccessController.doPrivileged(Native Method)
	at java.security.ProtectionDomain$JavaSecurityAccessImpl.doIntersectionPrivilege(ProtectionDomain.java:74)
	at java.security.ProtectionDomain$JavaSecurityAccessImpl.doIntersectionPrivilege(ProtectionDomain.java:84)
	at java.awt.EventQueue$4.run(EventQueue.java:733)
	at java.awt.EventQueue$4.run(EventQueue.java:731)
	at java.security.AccessController.doPrivileged(Native Method)
	at java.security.ProtectionDomain$JavaSecurityAccessImpl.doIntersectionPrivilege(ProtectionDomain.java:74)
	at java.awt.EventQueue.dispatchEvent(EventQueue.java:730)
	at oracle.javatools.internal.ui.EventQueueWrapper._dispatchEvent(EventQueueWrapper.java:169)
	at oracle.javatools.internal.ui.EventQueueWrapper.dispatchEvent(EventQueueWrapper.java:151)
	at java.awt.EventDispatchThread.pumpOneEventForFilters(EventDispatchThread.java:205)
	at java.awt.EventDispatchThread.pumpEventsForFilter(EventDispatchThread.java:116)
	at java.awt.EventDispatchThread.pumpEventsForHierarchy(EventDispatchThread.java:105)
	at java.awt.EventDispatchThread.pumpEvents(EventDispatchThread.java:101)
	at java.awt.EventDispatchThread.pumpEvents(EventDispatchThread.java:93)
	at java.awt.EventDispatchThread.run(EventDispatchThread.java:82)
2024-05-21 17:18:39 심각   - Illegal argument for setter
java.lang.IllegalArgumentException: object is not an instance of declaring class
	at sun.reflect.NativeMethodAccessorImpl.invoke0(Native Method)
	at sun.reflect.NativeMethodAccessorImpl.invoke(NativeMethodAccessorImpl.java:62)
	at sun.reflect.DelegatingMethodAccessorImpl.invoke(DelegatingMethodAccessorImpl.java:43)
	at java.lang.reflect.Method.invoke(Method.java:498)
	at oracle.dbtools.crest.model.metadata.MDTransformer.setProperty(MDTransformer.java:76)
	at oracle.dbtools.crest.model.metadata.XMLMapToObjTransformer.processProperties(XMLMapToObjTransformer.java:169)
	at oracle.dbtools.crest.model.metadata.XMLMapToObjTransformer.transformFromMap(XMLMapToObjTransformer.java:117)
	at oracle.dbtools.crest.model.metadata.XMLTransformationManager.transformFromMapToObject(XMLTransformationManager.java:1944)
	at oracle.dbtools.crest.model.metadata.XMLTransformationManager.transformFromMapToObject(XMLTransformationManager.java:1938)
	at oracle.dbtools.crest.model.design.storage.StorageDesign.cloneFromMemoryToAnotherSD_MD(StorageDesign.java:2862)
	at oracle.dbtools.crest.model.design.storage.StorageDesign.cloneFromMemoryToAnotherSD_MD(StorageDesign.java:2730)
	at oracle.dbtools.crest.model.design.compare.MergingModels.execute(MergingModels.java:194)
	at oracle.dbtools.crest.fcp.ERDEditor.copyToDataModeler(ERDEditor.java:487)
	at oracle.dbtools.crest.fcp.ERDEditor.handleEvent(ERDEditor.java:180)
	at oracle.ide.controller.IdeAction$ControllerDelegatingController.handleEvent(IdeAction.java:1488)
	at oracle.ide.controller.IdeAction.performAction(IdeAction.java:663)
	at oracle.ide.controller.IdeAction.actionPerformedImpl(IdeAction.java:1159)
	at oracle.ide.controller.IdeAction.actionPerformed(IdeAction.java:618)
	at javax.swing.AbstractButton.fireActionPerformed(AbstractButton.java:2022)
	at javax.swing.AbstractButton$Handler.actionPerformed(AbstractButton.java:2348)
	at javax.swing.DefaultButtonModel.fireActionPerformed(DefaultButtonModel.java:402)
	at javax.swing.DefaultButtonModel.setPressed(DefaultButtonModel.java:259)
	at javax.swing.plaf.basic.BasicButtonListener.mouseReleased(BasicButtonListener.java:252)
	at java.awt.AWTEventMulticaster.mouseReleased(AWTEventMulticaster.java:290)
	at java.awt.Component.processMouseEvent(Component.java:6539)
	at javax.swing.JComponent.processMouseEvent(JComponent.java:3324)
	at java.awt.Component.processEvent(Component.java:6304)
	at java.awt.Container.processEvent(Container.java:2239)
	at java.awt.Component.dispatchEventImpl(Component.java:4889)
	at java.awt.Container.dispatchEventImpl(Container.java:2297)
	at java.awt.Component.dispatchEvent(Component.java:4711)
	at java.awt.LightweightDispatcher.retargetMouseEvent(Container.java:4904)
	at java.awt.LightweightDispatcher.processMouseEvent(Container.java:4535)
	at java.awt.LightweightDispatcher.dispatchEvent(Container.java:4476)
	at java.awt.Container.dispatchEventImpl(Container.java:2283)
	at java.awt.Window.dispatchEventImpl(Window.java:2746)
	at java.awt.Component.dispatchEvent(Component.java:4711)
	at java.awt.EventQueue.dispatchEventImpl(EventQueue.java:760)
	at java.awt.EventQueue.access$500(EventQueue.java:97)
	at java.awt.EventQueue$3.run(EventQueue.java:709)
	at java.awt.EventQueue$3.run(EventQueue.java:703)
	at java.security.AccessController.doPrivileged(Native Method)
	at java.security.ProtectionDomain$JavaSecurityAccessImpl.doIntersectionPrivilege(ProtectionDomain.java:74)
	at java.security.ProtectionDomain$JavaSecurityAccessImpl.doIntersectionPrivilege(ProtectionDomain.java:84)
	at java.awt.EventQueue$4.run(EventQueue.java:733)
	at java.awt.EventQueue$4.run(EventQueue.java:731)
	at java.security.AccessController.doPrivileged(Native Method)
	at java.security.ProtectionDomain$JavaSecurityAccessImpl.doIntersectionPrivilege(ProtectionDomain.java:74)
	at java.awt.EventQueue.dispatchEvent(EventQueue.java:730)
	at oracle.javatools.internal.ui.EventQueueWrapper._dispatchEvent(EventQueueWrapper.java:169)
	at oracle.javatools.internal.ui.EventQueueWrapper.dispatchEvent(EventQueueWrapper.java:151)
	at java.awt.EventDispatchThread.pumpOneEventForFilters(EventDispatchThread.java:205)
	at java.awt.EventDispatchThread.pumpEventsForFilter(EventDispatchThread.java:116)
	at java.awt.EventDispatchThread.pumpEventsForHierarchy(EventDispatchThread.java:105)
	at java.awt.EventDispatchThread.pumpEvents(EventDispatchThread.java:101)
	at java.awt.EventDispatchThread.pumpEvents(EventDispatchThread.java:93)
	at java.awt.EventDispatchThread.run(EventDispatchThread.java:82)
2024-05-21 17:18:39 심각   - Illegal argument for setter
java.lang.IllegalArgumentException: object is not an instance of declaring class
	at sun.reflect.NativeMethodAccessorImpl.invoke0(Native Method)
	at sun.reflect.NativeMethodAccessorImpl.invoke(NativeMethodAccessorImpl.java:62)
	at sun.reflect.DelegatingMethodAccessorImpl.invoke(DelegatingMethodAccessorImpl.java:43)
	at java.lang.reflect.Method.invoke(Method.java:498)
	at oracle.dbtools.crest.model.metadata.MDTransformer.setProperty(MDTransformer.java:76)
	at oracle.dbtools.crest.model.metadata.XMLMapToObjTransformer.processProperties(XMLMapToObjTransformer.java:169)
	at oracle.dbtools.crest.model.metadata.XMLMapToObjTransformer.transformFromMap(XMLMapToObjTransformer.java:117)
	at oracle.dbtools.crest.model.metadata.XMLTransformationManager.transformFromMapToObject(XMLTransformationManager.java:1944)
	at oracle.dbtools.crest.model.metadata.XMLTransformationManager.transformFromMapToObject(XMLTransformationManager.java:1938)
	at oracle.dbtools.crest.model.design.storage.StorageDesign.cloneFromMemoryToAnotherSD_MD(StorageDesign.java:2862)
	at oracle.dbtools.crest.model.design.storage.StorageDesign.cloneFromMemoryToAnotherSD_MD(StorageDesign.java:2730)
	at oracle.dbtools.crest.model.design.compare.MergingModels.execute(MergingModels.java:194)
	at oracle.dbtools.crest.fcp.ERDEditor.copyToDataModeler(ERDEditor.java:487)
	at oracle.dbtools.crest.fcp.ERDEditor.handleEvent(ERDEditor.java:180)
	at oracle.ide.controller.IdeAction$ControllerDelegatingController.handleEvent(IdeAction.java:1488)
	at oracle.ide.controller.IdeAction.performAction(IdeAction.java:663)
	at oracle.ide.controller.IdeAction.actionPerformedImpl(IdeAction.java:1159)
	at oracle.ide.controller.IdeAction.actionPerformed(IdeAction.java:618)
	at javax.swing.AbstractButton.fireActionPerformed(AbstractButton.java:2022)
	at javax.swing.AbstractButton$Handler.actionPerformed(AbstractButton.java:2348)
	at javax.swing.DefaultButtonModel.fireActionPerformed(DefaultButtonModel.java:402)
	at javax.swing.DefaultButtonModel.setPressed(DefaultButtonModel.java:259)
	at javax.swing.plaf.basic.BasicButtonListener.mouseReleased(BasicButtonListener.java:252)
	at java.awt.AWTEventMulticaster.mouseReleased(AWTEventMulticaster.java:290)
	at java.awt.Component.processMouseEvent(Component.java:6539)
	at javax.swing.JComponent.processMouseEvent(JComponent.java:3324)
	at java.awt.Component.processEvent(Component.java:6304)
	at java.awt.Container.processEvent(Container.java:2239)
	at java.awt.Component.dispatchEventImpl(Component.java:4889)
	at java.awt.Container.dispatchEventImpl(Container.java:2297)
	at java.awt.Component.dispatchEvent(Component.java:4711)
	at java.awt.LightweightDispatcher.retargetMouseEvent(Container.java:4904)
	at java.awt.LightweightDispatcher.processMouseEvent(Container.java:4535)
	at java.awt.LightweightDispatcher.dispatchEvent(Container.java:4476)
	at java.awt.Container.dispatchEventImpl(Container.java:2283)
	at java.awt.Window.dispatchEventImpl(Window.java:2746)
	at java.awt.Component.dispatchEvent(Component.java:4711)
	at java.awt.EventQueue.dispatchEventImpl(EventQueue.java:760)
	at java.awt.EventQueue.access$500(EventQueue.java:97)
	at java.awt.EventQueue$3.run(EventQueue.java:709)
	at java.awt.EventQueue$3.run(EventQueue.java:703)
	at java.security.AccessController.doPrivileged(Native Method)
	at java.security.ProtectionDomain$JavaSecurityAccessImpl.doIntersectionPrivilege(ProtectionDomain.java:74)
	at java.security.ProtectionDomain$JavaSecurityAccessImpl.doIntersectionPrivilege(ProtectionDomain.java:84)
	at java.awt.EventQueue$4.run(EventQueue.java:733)
	at java.awt.EventQueue$4.run(EventQueue.java:731)
	at java.security.AccessController.doPrivileged(Native Method)
	at java.security.ProtectionDomain$JavaSecurityAccessImpl.doIntersectionPrivilege(ProtectionDomain.java:74)
	at java.awt.EventQueue.dispatchEvent(EventQueue.java:730)
	at oracle.javatools.internal.ui.EventQueueWrapper._dispatchEvent(EventQueueWrapper.java:169)
	at oracle.javatools.internal.ui.EventQueueWrapper.dispatchEvent(EventQueueWrapper.java:151)
	at java.awt.EventDispatchThread.pumpOneEventForFilters(EventDispatchThread.java:205)
	at java.awt.EventDispatchThread.pumpEventsForFilter(EventDispatchThread.java:116)
	at java.awt.EventDispatchThread.pumpEventsForHierarchy(EventDispatchThread.java:105)
	at java.awt.EventDispatchThread.pumpEvents(EventDispatchThread.java:101)
	at java.awt.EventDispatchThread.pumpEvents(EventDispatchThread.java:93)
	at java.awt.EventDispatchThread.run(EventDispatchThread.java:82)
2024-05-21 17:18:39 심각   - Illegal argument for setter
java.lang.IllegalArgumentException: object is not an instance of declaring class
	at sun.reflect.NativeMethodAccessorImpl.invoke0(Native Method)
	at sun.reflect.NativeMethodAccessorImpl.invoke(NativeMethodAccessorImpl.java:62)
	at sun.reflect.DelegatingMethodAccessorImpl.invoke(DelegatingMethodAccessorImpl.java:43)
	at java.lang.reflect.Method.invoke(Method.java:498)
	at oracle.dbtools.crest.model.metadata.MDTransformer.setProperty(MDTransformer.java:76)
	at oracle.dbtools.crest.model.metadata.XMLMapToObjTransformer.processProperties(XMLMapToObjTransformer.java:169)
	at oracle.dbtools.crest.model.metadata.XMLMapToObjTransformer.transformFromMap(XMLMapToObjTransformer.java:117)
	at oracle.dbtools.crest.model.metadata.XMLTransformationManager.transformFromMapToObject(XMLTransformationManager.java:1944)
	at oracle.dbtools.crest.model.metadata.XMLTransformationManager.transformFromMapToObject(XMLTransformationManager.java:1938)
	at oracle.dbtools.crest.model.design.storage.StorageDesign.cloneFromMemoryToAnotherSD_MD(StorageDesign.java:2862)
	at oracle.dbtools.crest.model.design.storage.StorageDesign.cloneFromMemoryToAnotherSD_MD(StorageDesign.java:2730)
	at oracle.dbtools.crest.model.design.compare.MergingModels.execute(MergingModels.java:194)
	at oracle.dbtools.crest.fcp.ERDEditor.copyToDataModeler(ERDEditor.java:487)
	at oracle.dbtools.crest.fcp.ERDEditor.handleEvent(ERDEditor.java:180)
	at oracle.ide.controller.IdeAction$ControllerDelegatingController.handleEvent(IdeAction.java:1488)
	at oracle.ide.controller.IdeAction.performAction(IdeAction.java:663)
	at oracle.ide.controller.IdeAction.actionPerformedImpl(IdeAction.java:1159)
	at oracle.ide.controller.IdeAction.actionPerformed(IdeAction.java:618)
	at javax.swing.AbstractButton.fireActionPerformed(AbstractButton.java:2022)
	at javax.swing.AbstractButton$Handler.actionPerformed(AbstractButton.java:2348)
	at javax.swing.DefaultButtonModel.fireActionPerformed(DefaultButtonModel.java:402)
	at javax.swing.DefaultButtonModel.setPressed(DefaultButtonModel.java:259)
	at javax.swing.plaf.basic.BasicButtonListener.mouseReleased(BasicButtonListener.java:252)
	at java.awt.AWTEventMulticaster.mouseReleased(AWTEventMulticaster.java:290)
	at java.awt.Component.processMouseEvent(Component.java:6539)
	at javax.swing.JComponent.processMouseEvent(JComponent.java:3324)
	at java.awt.Component.processEvent(Component.java:6304)
	at java.awt.Container.processEvent(Container.java:2239)
	at java.awt.Component.dispatchEventImpl(Component.java:4889)
	at java.awt.Container.dispatchEventImpl(Container.java:2297)
	at java.awt.Component.dispatchEvent(Component.java:4711)
	at java.awt.LightweightDispatcher.retargetMouseEvent(Container.java:4904)
	at java.awt.LightweightDispatcher.processMouseEvent(Container.java:4535)
	at java.awt.LightweightDispatcher.dispatchEvent(Container.java:4476)
	at java.awt.Container.dispatchEventImpl(Container.java:2283)
	at java.awt.Window.dispatchEventImpl(Window.java:2746)
	at java.awt.Component.dispatchEvent(Component.java:4711)
	at java.awt.EventQueue.dispatchEventImpl(EventQueue.java:760)
	at java.awt.EventQueue.access$500(EventQueue.java:97)
	at java.awt.EventQueue$3.run(EventQueue.java:709)
	at java.awt.EventQueue$3.run(EventQueue.java:703)
	at java.security.AccessController.doPrivileged(Native Method)
	at java.security.ProtectionDomain$JavaSecurityAccessImpl.doIntersectionPrivilege(ProtectionDomain.java:74)
	at java.security.ProtectionDomain$JavaSecurityAccessImpl.doIntersectionPrivilege(ProtectionDomain.java:84)
	at java.awt.EventQueue$4.run(EventQueue.java:733)
	at java.awt.EventQueue$4.run(EventQueue.java:731)
	at java.security.AccessController.doPrivileged(Native Method)
	at java.security.ProtectionDomain$JavaSecurityAccessImpl.doIntersectionPrivilege(ProtectionDomain.java:74)
	at java.awt.EventQueue.dispatchEvent(EventQueue.java:730)
	at oracle.javatools.internal.ui.EventQueueWrapper._dispatchEvent(EventQueueWrapper.java:169)
	at oracle.javatools.internal.ui.EventQueueWrapper.dispatchEvent(EventQueueWrapper.java:151)
	at java.awt.EventDispatchThread.pumpOneEventForFilters(EventDispatchThread.java:205)
	at java.awt.EventDispatchThread.pumpEventsForFilter(EventDispatchThread.java:116)
	at java.awt.EventDispatchThread.pumpEventsForHierarchy(EventDispatchThread.java:105)
	at java.awt.EventDispatchThread.pumpEvents(EventDispatchThread.java:101)
	at java.awt.EventDispatchThread.pumpEvents(EventDispatchThread.java:93)
	at java.awt.EventDispatchThread.run(EventDispatchThread.java:82)
2024-05-21 17:28:37 심각   - Illegal argument for setter
java.lang.IllegalArgumentException: object is not an instance of declaring class
	at sun.reflect.NativeMethodAccessorImpl.invoke0(Native Method)
	at sun.reflect.NativeMethodAccessorImpl.invoke(NativeMethodAccessorImpl.java:62)
	at sun.reflect.DelegatingMethodAccessorImpl.invoke(DelegatingMethodAccessorImpl.java:43)
	at java.lang.reflect.Method.invoke(Method.java:498)
	at oracle.dbtools.crest.model.metadata.MDTransformer.setProperty(MDTransformer.java:76)
	at oracle.dbtools.crest.model.metadata.XMLMapToObjTransformer.processProperties(XMLMapToObjTransformer.java:169)
	at oracle.dbtools.crest.model.metadata.XMLMapToObjTransformer.transformFromMap(XMLMapToObjTransformer.java:117)
	at oracle.dbtools.crest.model.metadata.XMLTransformationManager.transformFromMapToObject(XMLTransformationManager.java:1944)
	at oracle.dbtools.crest.model.metadata.XMLTransformationManager.transformFromMapToObject(XMLTransformationManager.java:1938)
	at oracle.dbtools.crest.model.design.storage.StorageDesign.cloneFromMemoryToAnotherSD_MD(StorageDesign.java:2862)
	at oracle.dbtools.crest.model.design.storage.StorageDesign.cloneFromMemoryToAnotherSD_MD(StorageDesign.java:2730)
	at oracle.dbtools.crest.model.design.compare.MergingModels.execute(MergingModels.java:194)
	at oracle.dbtools.crest.fcp.ERDEditor.copyToDataModeler(ERDEditor.java:487)
	at oracle.dbtools.crest.fcp.ERDEditor.handleEvent(ERDEditor.java:180)
	at oracle.ide.controller.IdeAction$ControllerDelegatingController.handleEvent(IdeAction.java:1488)
	at oracle.ide.controller.IdeAction.performAction(IdeAction.java:663)
	at oracle.ide.controller.IdeAction.actionPerformedImpl(IdeAction.java:1159)
	at oracle.ide.controller.IdeAction.actionPerformed(IdeAction.java:618)
	at javax.swing.AbstractButton.fireActionPerformed(AbstractButton.java:2022)
	at javax.swing.AbstractButton$Handler.actionPerformed(AbstractButton.java:2348)
	at javax.swing.DefaultButtonModel.fireActionPerformed(DefaultButtonModel.java:402)
	at javax.swing.DefaultButtonModel.setPressed(DefaultButtonModel.java:259)
	at javax.swing.plaf.basic.BasicButtonListener.mouseReleased(BasicButtonListener.java:252)
	at java.awt.AWTEventMulticaster.mouseReleased(AWTEventMulticaster.java:290)
	at java.awt.Component.processMouseEvent(Component.java:6539)
	at javax.swing.JComponent.processMouseEvent(JComponent.java:3324)
	at java.awt.Component.processEvent(Component.java:6304)
	at java.awt.Container.processEvent(Container.java:2239)
	at java.awt.Component.dispatchEventImpl(Component.java:4889)
	at java.awt.Container.dispatchEventImpl(Container.java:2297)
	at java.awt.Component.dispatchEvent(Component.java:4711)
	at java.awt.LightweightDispatcher.retargetMouseEvent(Container.java:4904)
	at java.awt.LightweightDispatcher.processMouseEvent(Container.java:4535)
	at java.awt.LightweightDispatcher.dispatchEvent(Container.java:4476)
	at java.awt.Container.dispatchEventImpl(Container.java:2283)
	at java.awt.Window.dispatchEventImpl(Window.java:2746)
	at java.awt.Component.dispatchEvent(Component.java:4711)
	at java.awt.EventQueue.dispatchEventImpl(EventQueue.java:760)
	at java.awt.EventQueue.access$500(EventQueue.java:97)
	at java.awt.EventQueue$3.run(EventQueue.java:709)
	at java.awt.EventQueue$3.run(EventQueue.java:703)
	at java.security.AccessController.doPrivileged(Native Method)
	at java.security.ProtectionDomain$JavaSecurityAccessImpl.doIntersectionPrivilege(ProtectionDomain.java:74)
	at java.security.ProtectionDomain$JavaSecurityAccessImpl.doIntersectionPrivilege(ProtectionDomain.java:84)
	at java.awt.EventQueue$4.run(EventQueue.java:733)
	at java.awt.EventQueue$4.run(EventQueue.java:731)
	at java.security.AccessController.doPrivileged(Native Method)
	at java.security.ProtectionDomain$JavaSecurityAccessImpl.doIntersectionPrivilege(ProtectionDomain.java:74)
	at java.awt.EventQueue.dispatchEvent(EventQueue.java:730)
	at oracle.javatools.internal.ui.EventQueueWrapper._dispatchEvent(EventQueueWrapper.java:169)
	at oracle.javatools.internal.ui.EventQueueWrapper.dispatchEvent(EventQueueWrapper.java:151)
	at java.awt.EventDispatchThread.pumpOneEventForFilters(EventDispatchThread.java:205)
	at java.awt.EventDispatchThread.pumpEventsForFilter(EventDispatchThread.java:116)
	at java.awt.EventDispatchThread.pumpEventsForHierarchy(EventDispatchThread.java:105)
	at java.awt.EventDispatchThread.pumpEvents(EventDispatchThread.java:101)
	at java.awt.EventDispatchThread.pumpEvents(EventDispatchThread.java:93)
	at java.awt.EventDispatchThread.run(EventDispatchThread.java:82)
2024-05-21 17:28:37 심각   - Illegal argument for setter
java.lang.IllegalArgumentException: object is not an instance of declaring class
	at sun.reflect.NativeMethodAccessorImpl.invoke0(Native Method)
	at sun.reflect.NativeMethodAccessorImpl.invoke(NativeMethodAccessorImpl.java:62)
	at sun.reflect.DelegatingMethodAccessorImpl.invoke(DelegatingMethodAccessorImpl.java:43)
	at java.lang.reflect.Method.invoke(Method.java:498)
	at oracle.dbtools.crest.model.metadata.MDTransformer.setProperty(MDTransformer.java:76)
	at oracle.dbtools.crest.model.metadata.XMLMapToObjTransformer.processProperties(XMLMapToObjTransformer.java:169)
	at oracle.dbtools.crest.model.metadata.XMLMapToObjTransformer.transformFromMap(XMLMapToObjTransformer.java:117)
	at oracle.dbtools.crest.model.metadata.XMLTransformationManager.transformFromMapToObject(XMLTransformationManager.java:1944)
	at oracle.dbtools.crest.model.metadata.XMLTransformationManager.transformFromMapToObject(XMLTransformationManager.java:1938)
	at oracle.dbtools.crest.model.design.storage.StorageDesign.cloneFromMemoryToAnotherSD_MD(StorageDesign.java:2862)
	at oracle.dbtools.crest.model.design.storage.StorageDesign.cloneFromMemoryToAnotherSD_MD(StorageDesign.java:2730)
	at oracle.dbtools.crest.model.design.compare.MergingModels.execute(MergingModels.java:194)
	at oracle.dbtools.crest.fcp.ERDEditor.copyToDataModeler(ERDEditor.java:487)
	at oracle.dbtools.crest.fcp.ERDEditor.handleEvent(ERDEditor.java:180)
	at oracle.ide.controller.IdeAction$ControllerDelegatingController.handleEvent(IdeAction.java:1488)
	at oracle.ide.controller.IdeAction.performAction(IdeAction.java:663)
	at oracle.ide.controller.IdeAction.actionPerformedImpl(IdeAction.java:1159)
	at oracle.ide.controller.IdeAction.actionPerformed(IdeAction.java:618)
	at javax.swing.AbstractButton.fireActionPerformed(AbstractButton.java:2022)
	at javax.swing.AbstractButton$Handler.actionPerformed(AbstractButton.java:2348)
	at javax.swing.DefaultButtonModel.fireActionPerformed(DefaultButtonModel.java:402)
	at javax.swing.DefaultButtonModel.setPressed(DefaultButtonModel.java:259)
	at javax.swing.plaf.basic.BasicButtonListener.mouseReleased(BasicButtonListener.java:252)
	at java.awt.AWTEventMulticaster.mouseReleased(AWTEventMulticaster.java:290)
	at java.awt.Component.processMouseEvent(Component.java:6539)
	at javax.swing.JComponent.processMouseEvent(JComponent.java:3324)
	at java.awt.Component.processEvent(Component.java:6304)
	at java.awt.Container.processEvent(Container.java:2239)
	at java.awt.Component.dispatchEventImpl(Component.java:4889)
	at java.awt.Container.dispatchEventImpl(Container.java:2297)
	at java.awt.Component.dispatchEvent(Component.java:4711)
	at java.awt.LightweightDispatcher.retargetMouseEvent(Container.java:4904)
	at java.awt.LightweightDispatcher.processMouseEvent(Container.java:4535)
	at java.awt.LightweightDispatcher.dispatchEvent(Container.java:4476)
	at java.awt.Container.dispatchEventImpl(Container.java:2283)
	at java.awt.Window.dispatchEventImpl(Window.java:2746)
	at java.awt.Component.dispatchEvent(Component.java:4711)
	at java.awt.EventQueue.dispatchEventImpl(EventQueue.java:760)
	at java.awt.EventQueue.access$500(EventQueue.java:97)
	at java.awt.EventQueue$3.run(EventQueue.java:709)
	at java.awt.EventQueue$3.run(EventQueue.java:703)
	at java.security.AccessController.doPrivileged(Native Method)
	at java.security.ProtectionDomain$JavaSecurityAccessImpl.doIntersectionPrivilege(ProtectionDomain.java:74)
	at java.security.ProtectionDomain$JavaSecurityAccessImpl.doIntersectionPrivilege(ProtectionDomain.java:84)
	at java.awt.EventQueue$4.run(EventQueue.java:733)
	at java.awt.EventQueue$4.run(EventQueue.java:731)
	at java.security.AccessController.doPrivileged(Native Method)
	at java.security.ProtectionDomain$JavaSecurityAccessImpl.doIntersectionPrivilege(ProtectionDomain.java:74)
	at java.awt.EventQueue.dispatchEvent(EventQueue.java:730)
	at oracle.javatools.internal.ui.EventQueueWrapper._dispatchEvent(EventQueueWrapper.java:169)
	at oracle.javatools.internal.ui.EventQueueWrapper.dispatchEvent(EventQueueWrapper.java:151)
	at java.awt.EventDispatchThread.pumpOneEventForFilters(EventDispatchThread.java:205)
	at java.awt.EventDispatchThread.pumpEventsForFilter(EventDispatchThread.java:116)
	at java.awt.EventDispatchThread.pumpEventsForHierarchy(EventDispatchThread.java:105)
	at java.awt.EventDispatchThread.pumpEvents(EventDispatchThread.java:101)
	at java.awt.EventDispatchThread.pumpEvents(EventDispatchThread.java:93)
	at java.awt.EventDispatchThread.run(EventDispatchThread.java:82)
2024-05-21 17:28:37 심각   - Illegal argument for setter
java.lang.IllegalArgumentException: object is not an instance of declaring class
	at sun.reflect.NativeMethodAccessorImpl.invoke0(Native Method)
	at sun.reflect.NativeMethodAccessorImpl.invoke(NativeMethodAccessorImpl.java:62)
	at sun.reflect.DelegatingMethodAccessorImpl.invoke(DelegatingMethodAccessorImpl.java:43)
	at java.lang.reflect.Method.invoke(Method.java:498)
	at oracle.dbtools.crest.model.metadata.MDTransformer.setProperty(MDTransformer.java:76)
	at oracle.dbtools.crest.model.metadata.XMLMapToObjTransformer.processProperties(XMLMapToObjTransformer.java:169)
	at oracle.dbtools.crest.model.metadata.XMLMapToObjTransformer.transformFromMap(XMLMapToObjTransformer.java:117)
	at oracle.dbtools.crest.model.metadata.XMLTransformationManager.transformFromMapToObject(XMLTransformationManager.java:1944)
	at oracle.dbtools.crest.model.metadata.XMLTransformationManager.transformFromMapToObject(XMLTransformationManager.java:1938)
	at oracle.dbtools.crest.model.design.storage.StorageDesign.cloneFromMemoryToAnotherSD_MD(StorageDesign.java:2862)
	at oracle.dbtools.crest.model.design.storage.StorageDesign.cloneFromMemoryToAnotherSD_MD(StorageDesign.java:2730)
	at oracle.dbtools.crest.model.design.compare.MergingModels.execute(MergingModels.java:194)
	at oracle.dbtools.crest.fcp.ERDEditor.copyToDataModeler(ERDEditor.java:487)
	at oracle.dbtools.crest.fcp.ERDEditor.handleEvent(ERDEditor.java:180)
	at oracle.ide.controller.IdeAction$ControllerDelegatingController.handleEvent(IdeAction.java:1488)
	at oracle.ide.controller.IdeAction.performAction(IdeAction.java:663)
	at oracle.ide.controller.IdeAction.actionPerformedImpl(IdeAction.java:1159)
	at oracle.ide.controller.IdeAction.actionPerformed(IdeAction.java:618)
	at javax.swing.AbstractButton.fireActionPerformed(AbstractButton.java:2022)
	at javax.swing.AbstractButton$Handler.actionPerformed(AbstractButton.java:2348)
	at javax.swing.DefaultButtonModel.fireActionPerformed(DefaultButtonModel.java:402)
	at javax.swing.DefaultButtonModel.setPressed(DefaultButtonModel.java:259)
	at javax.swing.plaf.basic.BasicButtonListener.mouseReleased(BasicButtonListener.java:252)
	at java.awt.AWTEventMulticaster.mouseReleased(AWTEventMulticaster.java:290)
	at java.awt.Component.processMouseEvent(Component.java:6539)
	at javax.swing.JComponent.processMouseEvent(JComponent.java:3324)
	at java.awt.Component.processEvent(Component.java:6304)
	at java.awt.Container.processEvent(Container.java:2239)
	at java.awt.Component.dispatchEventImpl(Component.java:4889)
	at java.awt.Container.dispatchEventImpl(Container.java:2297)
	at java.awt.Component.dispatchEvent(Component.java:4711)
	at java.awt.LightweightDispatcher.retargetMouseEvent(Container.java:4904)
	at java.awt.LightweightDispatcher.processMouseEvent(Container.java:4535)
	at java.awt.LightweightDispatcher.dispatchEvent(Container.java:4476)
	at java.awt.Container.dispatchEventImpl(Container.java:2283)
	at java.awt.Window.dispatchEventImpl(Window.java:2746)
	at java.awt.Component.dispatchEvent(Component.java:4711)
	at java.awt.EventQueue.dispatchEventImpl(EventQueue.java:760)
	at java.awt.EventQueue.access$500(EventQueue.java:97)
	at java.awt.EventQueue$3.run(EventQueue.java:709)
	at java.awt.EventQueue$3.run(EventQueue.java:703)
	at java.security.AccessController.doPrivileged(Native Method)
	at java.security.ProtectionDomain$JavaSecurityAccessImpl.doIntersectionPrivilege(ProtectionDomain.java:74)
	at java.security.ProtectionDomain$JavaSecurityAccessImpl.doIntersectionPrivilege(ProtectionDomain.java:84)
	at java.awt.EventQueue$4.run(EventQueue.java:733)
	at java.awt.EventQueue$4.run(EventQueue.java:731)
	at java.security.AccessController.doPrivileged(Native Method)
	at java.security.ProtectionDomain$JavaSecurityAccessImpl.doIntersectionPrivilege(ProtectionDomain.java:74)
	at java.awt.EventQueue.dispatchEvent(EventQueue.java:730)
	at oracle.javatools.internal.ui.EventQueueWrapper._dispatchEvent(EventQueueWrapper.java:169)
	at oracle.javatools.internal.ui.EventQueueWrapper.dispatchEvent(EventQueueWrapper.java:151)
	at java.awt.EventDispatchThread.pumpOneEventForFilters(EventDispatchThread.java:205)
	at java.awt.EventDispatchThread.pumpEventsForFilter(EventDispatchThread.java:116)
	at java.awt.EventDispatchThread.pumpEventsForHierarchy(EventDispatchThread.java:105)
	at java.awt.EventDispatchThread.pumpEvents(EventDispatchThread.java:101)
	at java.awt.EventDispatchThread.pumpEvents(EventDispatchThread.java:93)
	at java.awt.EventDispatchThread.run(EventDispatchThread.java:82)
2024-05-21 17:28:37 심각   - Illegal argument for setter
java.lang.IllegalArgumentException: object is not an instance of declaring class
	at sun.reflect.NativeMethodAccessorImpl.invoke0(Native Method)
	at sun.reflect.NativeMethodAccessorImpl.invoke(NativeMethodAccessorImpl.java:62)
	at sun.reflect.DelegatingMethodAccessorImpl.invoke(DelegatingMethodAccessorImpl.java:43)
	at java.lang.reflect.Method.invoke(Method.java:498)
	at oracle.dbtools.crest.model.metadata.MDTransformer.setProperty(MDTransformer.java:76)
	at oracle.dbtools.crest.model.metadata.XMLMapToObjTransformer.processProperties(XMLMapToObjTransformer.java:169)
	at oracle.dbtools.crest.model.metadata.XMLMapToObjTransformer.transformFromMap(XMLMapToObjTransformer.java:117)
	at oracle.dbtools.crest.model.metadata.XMLTransformationManager.transformFromMapToObject(XMLTransformationManager.java:1944)
	at oracle.dbtools.crest.model.metadata.XMLTransformationManager.transformFromMapToObject(XMLTransformationManager.java:1938)
	at oracle.dbtools.crest.model.design.storage.StorageDesign.cloneFromMemoryToAnotherSD_MD(StorageDesign.java:2862)
	at oracle.dbtools.crest.model.design.storage.StorageDesign.cloneFromMemoryToAnotherSD_MD(StorageDesign.java:2730)
	at oracle.dbtools.crest.model.design.compare.MergingModels.execute(MergingModels.java:194)
	at oracle.dbtools.crest.fcp.ERDEditor.copyToDataModeler(ERDEditor.java:487)
	at oracle.dbtools.crest.fcp.ERDEditor.handleEvent(ERDEditor.java:180)
	at oracle.ide.controller.IdeAction$ControllerDelegatingController.handleEvent(IdeAction.java:1488)
	at oracle.ide.controller.IdeAction.performAction(IdeAction.java:663)
	at oracle.ide.controller.IdeAction.actionPerformedImpl(IdeAction.java:1159)
	at oracle.ide.controller.IdeAction.actionPerformed(IdeAction.java:618)
	at javax.swing.AbstractButton.fireActionPerformed(AbstractButton.java:2022)
	at javax.swing.AbstractButton$Handler.actionPerformed(AbstractButton.java:2348)
	at javax.swing.DefaultButtonModel.fireActionPerformed(DefaultButtonModel.java:402)
	at javax.swing.DefaultButtonModel.setPressed(DefaultButtonModel.java:259)
	at javax.swing.plaf.basic.BasicButtonListener.mouseReleased(BasicButtonListener.java:252)
	at java.awt.AWTEventMulticaster.mouseReleased(AWTEventMulticaster.java:290)
	at java.awt.Component.processMouseEvent(Component.java:6539)
	at javax.swing.JComponent.processMouseEvent(JComponent.java:3324)
	at java.awt.Component.processEvent(Component.java:6304)
	at java.awt.Container.processEvent(Container.java:2239)
	at java.awt.Component.dispatchEventImpl(Component.java:4889)
	at java.awt.Container.dispatchEventImpl(Container.java:2297)
	at java.awt.Component.dispatchEvent(Component.java:4711)
	at java.awt.LightweightDispatcher.retargetMouseEvent(Container.java:4904)
	at java.awt.LightweightDispatcher.processMouseEvent(Container.java:4535)
	at java.awt.LightweightDispatcher.dispatchEvent(Container.java:4476)
	at java.awt.Container.dispatchEventImpl(Container.java:2283)
	at java.awt.Window.dispatchEventImpl(Window.java:2746)
	at java.awt.Component.dispatchEvent(Component.java:4711)
	at java.awt.EventQueue.dispatchEventImpl(EventQueue.java:760)
	at java.awt.EventQueue.access$500(EventQueue.java:97)
	at java.awt.EventQueue$3.run(EventQueue.java:709)
	at java.awt.EventQueue$3.run(EventQueue.java:703)
	at java.security.AccessController.doPrivileged(Native Method)
	at java.security.ProtectionDomain$JavaSecurityAccessImpl.doIntersectionPrivilege(ProtectionDomain.java:74)
	at java.security.ProtectionDomain$JavaSecurityAccessImpl.doIntersectionPrivilege(ProtectionDomain.java:84)
	at java.awt.EventQueue$4.run(EventQueue.java:733)
	at java.awt.EventQueue$4.run(EventQueue.java:731)
	at java.security.AccessController.doPrivileged(Native Method)
	at java.security.ProtectionDomain$JavaSecurityAccessImpl.doIntersectionPrivilege(ProtectionDomain.java:74)
	at java.awt.EventQueue.dispatchEvent(EventQueue.java:730)
	at oracle.javatools.internal.ui.EventQueueWrapper._dispatchEvent(EventQueueWrapper.java:169)
	at oracle.javatools.internal.ui.EventQueueWrapper.dispatchEvent(EventQueueWrapper.java:151)
	at java.awt.EventDispatchThread.pumpOneEventForFilters(EventDispatchThread.java:205)
	at java.awt.EventDispatchThread.pumpEventsForFilter(EventDispatchThread.java:116)
	at java.awt.EventDispatchThread.pumpEventsForHierarchy(EventDispatchThread.java:105)
	at java.awt.EventDispatchThread.pumpEvents(EventDispatchThread.java:101)
	at java.awt.EventDispatchThread.pumpEvents(EventDispatchThread.java:93)
	at java.awt.EventDispatchThread.run(EventDispatchThread.java:82)
2024-05-21 17:28:37 심각   - Illegal argument for setter
java.lang.IllegalArgumentException: object is not an instance of declaring class
	at sun.reflect.NativeMethodAccessorImpl.invoke0(Native Method)
	at sun.reflect.NativeMethodAccessorImpl.invoke(NativeMethodAccessorImpl.java:62)
	at sun.reflect.DelegatingMethodAccessorImpl.invoke(DelegatingMethodAccessorImpl.java:43)
	at java.lang.reflect.Method.invoke(Method.java:498)
	at oracle.dbtools.crest.model.metadata.MDTransformer.setProperty(MDTransformer.java:76)
	at oracle.dbtools.crest.model.metadata.XMLMapToObjTransformer.processProperties(XMLMapToObjTransformer.java:169)
	at oracle.dbtools.crest.model.metadata.XMLMapToObjTransformer.transformFromMap(XMLMapToObjTransformer.java:117)
	at oracle.dbtools.crest.model.metadata.XMLTransformationManager.transformFromMapToObject(XMLTransformationManager.java:1944)
	at oracle.dbtools.crest.model.metadata.XMLTransformationManager.transformFromMapToObject(XMLTransformationManager.java:1938)
	at oracle.dbtools.crest.model.design.storage.StorageDesign.cloneFromMemoryToAnotherSD_MD(StorageDesign.java:2862)
	at oracle.dbtools.crest.model.design.storage.StorageDesign.cloneFromMemoryToAnotherSD_MD(StorageDesign.java:2730)
	at oracle.dbtools.crest.model.design.compare.MergingModels.execute(MergingModels.java:194)
	at oracle.dbtools.crest.fcp.ERDEditor.copyToDataModeler(ERDEditor.java:487)
	at oracle.dbtools.crest.fcp.ERDEditor.handleEvent(ERDEditor.java:180)
	at oracle.ide.controller.IdeAction$ControllerDelegatingController.handleEvent(IdeAction.java:1488)
	at oracle.ide.controller.IdeAction.performAction(IdeAction.java:663)
	at oracle.ide.controller.IdeAction.actionPerformedImpl(IdeAction.java:1159)
	at oracle.ide.controller.IdeAction.actionPerformed(IdeAction.java:618)
	at javax.swing.AbstractButton.fireActionPerformed(AbstractButton.java:2022)
	at javax.swing.AbstractButton$Handler.actionPerformed(AbstractButton.java:2348)
	at javax.swing.DefaultButtonModel.fireActionPerformed(DefaultButtonModel.java:402)
	at javax.swing.DefaultButtonModel.setPressed(DefaultButtonModel.java:259)
	at javax.swing.plaf.basic.BasicButtonListener.mouseReleased(BasicButtonListener.java:252)
	at java.awt.AWTEventMulticaster.mouseReleased(AWTEventMulticaster.java:290)
	at java.awt.Component.processMouseEvent(Component.java:6539)
	at javax.swing.JComponent.processMouseEvent(JComponent.java:3324)
	at java.awt.Component.processEvent(Component.java:6304)
	at java.awt.Container.processEvent(Container.java:2239)
	at java.awt.Component.dispatchEventImpl(Component.java:4889)
	at java.awt.Container.dispatchEventImpl(Container.java:2297)
	at java.awt.Component.dispatchEvent(Component.java:4711)
	at java.awt.LightweightDispatcher.retargetMouseEvent(Container.java:4904)
	at java.awt.LightweightDispatcher.processMouseEvent(Container.java:4535)
	at java.awt.LightweightDispatcher.dispatchEvent(Container.java:4476)
	at java.awt.Container.dispatchEventImpl(Container.java:2283)
	at java.awt.Window.dispatchEventImpl(Window.java:2746)
	at java.awt.Component.dispatchEvent(Component.java:4711)
	at java.awt.EventQueue.dispatchEventImpl(EventQueue.java:760)
	at java.awt.EventQueue.access$500(EventQueue.java:97)
	at java.awt.EventQueue$3.run(EventQueue.java:709)
	at java.awt.EventQueue$3.run(EventQueue.java:703)
	at java.security.AccessController.doPrivileged(Native Method)
	at java.security.ProtectionDomain$JavaSecurityAccessImpl.doIntersectionPrivilege(ProtectionDomain.java:74)
	at java.security.ProtectionDomain$JavaSecurityAccessImpl.doIntersectionPrivilege(ProtectionDomain.java:84)
	at java.awt.EventQueue$4.run(EventQueue.java:733)
	at java.awt.EventQueue$4.run(EventQueue.java:731)
	at java.security.AccessController.doPrivileged(Native Method)
	at java.security.ProtectionDomain$JavaSecurityAccessImpl.doIntersectionPrivilege(ProtectionDomain.java:74)
	at java.awt.EventQueue.dispatchEvent(EventQueue.java:730)
	at oracle.javatools.internal.ui.EventQueueWrapper._dispatchEvent(EventQueueWrapper.java:169)
	at oracle.javatools.internal.ui.EventQueueWrapper.dispatchEvent(EventQueueWrapper.java:151)
	at java.awt.EventDispatchThread.pumpOneEventForFilters(EventDispatchThread.java:205)
	at java.awt.EventDispatchThread.pumpEventsForFilter(EventDispatchThread.java:116)
	at java.awt.EventDispatchThread.pumpEventsForHierarchy(EventDispatchThread.java:105)
	at java.awt.EventDispatchThread.pumpEvents(EventDispatchThread.java:101)
	at java.awt.EventDispatchThread.pumpEvents(EventDispatchThread.java:93)
	at java.awt.EventDispatchThread.run(EventDispatchThread.java:82)
2024-05-21 17:28:37 심각   - Illegal argument for setter
java.lang.IllegalArgumentException: object is not an instance of declaring class
	at sun.reflect.NativeMethodAccessorImpl.invoke0(Native Method)
	at sun.reflect.NativeMethodAccessorImpl.invoke(NativeMethodAccessorImpl.java:62)
	at sun.reflect.DelegatingMethodAccessorImpl.invoke(DelegatingMethodAccessorImpl.java:43)
	at java.lang.reflect.Method.invoke(Method.java:498)
	at oracle.dbtools.crest.model.metadata.MDTransformer.setProperty(MDTransformer.java:76)
	at oracle.dbtools.crest.model.metadata.XMLMapToObjTransformer.processProperties(XMLMapToObjTransformer.java:169)
	at oracle.dbtools.crest.model.metadata.XMLMapToObjTransformer.transformFromMap(XMLMapToObjTransformer.java:117)
	at oracle.dbtools.crest.model.metadata.XMLTransformationManager.transformFromMapToObject(XMLTransformationManager.java:1944)
	at oracle.dbtools.crest.model.metadata.XMLTransformationManager.transformFromMapToObject(XMLTransformationManager.java:1938)
	at oracle.dbtools.crest.model.design.storage.StorageDesign.cloneFromMemoryToAnotherSD_MD(StorageDesign.java:2862)
	at oracle.dbtools.crest.model.design.storage.StorageDesign.cloneFromMemoryToAnotherSD_MD(StorageDesign.java:2730)
	at oracle.dbtools.crest.model.design.compare.MergingModels.execute(MergingModels.java:194)
	at oracle.dbtools.crest.fcp.ERDEditor.copyToDataModeler(ERDEditor.java:487)
	at oracle.dbtools.crest.fcp.ERDEditor.handleEvent(ERDEditor.java:180)
	at oracle.ide.controller.IdeAction$ControllerDelegatingController.handleEvent(IdeAction.java:1488)
	at oracle.ide.controller.IdeAction.performAction(IdeAction.java:663)
	at oracle.ide.controller.IdeAction.actionPerformedImpl(IdeAction.java:1159)
	at oracle.ide.controller.IdeAction.actionPerformed(IdeAction.java:618)
	at javax.swing.AbstractButton.fireActionPerformed(AbstractButton.java:2022)
	at javax.swing.AbstractButton$Handler.actionPerformed(AbstractButton.java:2348)
	at javax.swing.DefaultButtonModel.fireActionPerformed(DefaultButtonModel.java:402)
	at javax.swing.DefaultButtonModel.setPressed(DefaultButtonModel.java:259)
	at javax.swing.plaf.basic.BasicButtonListener.mouseReleased(BasicButtonListener.java:252)
	at java.awt.AWTEventMulticaster.mouseReleased(AWTEventMulticaster.java:290)
	at java.awt.Component.processMouseEvent(Component.java:6539)
	at javax.swing.JComponent.processMouseEvent(JComponent.java:3324)
	at java.awt.Component.processEvent(Component.java:6304)
	at java.awt.Container.processEvent(Container.java:2239)
	at java.awt.Component.dispatchEventImpl(Component.java:4889)
	at java.awt.Container.dispatchEventImpl(Container.java:2297)
	at java.awt.Component.dispatchEvent(Component.java:4711)
	at java.awt.LightweightDispatcher.retargetMouseEvent(Container.java:4904)
	at java.awt.LightweightDispatcher.processMouseEvent(Container.java:4535)
	at java.awt.LightweightDispatcher.dispatchEvent(Container.java:4476)
	at java.awt.Container.dispatchEventImpl(Container.java:2283)
	at java.awt.Window.dispatchEventImpl(Window.java:2746)
	at java.awt.Component.dispatchEvent(Component.java:4711)
	at java.awt.EventQueue.dispatchEventImpl(EventQueue.java:760)
	at java.awt.EventQueue.access$500(EventQueue.java:97)
	at java.awt.EventQueue$3.run(EventQueue.java:709)
	at java.awt.EventQueue$3.run(EventQueue.java:703)
	at java.security.AccessController.doPrivileged(Native Method)
	at java.security.ProtectionDomain$JavaSecurityAccessImpl.doIntersectionPrivilege(ProtectionDomain.java:74)
	at java.security.ProtectionDomain$JavaSecurityAccessImpl.doIntersectionPrivilege(ProtectionDomain.java:84)
	at java.awt.EventQueue$4.run(EventQueue.java:733)
	at java.awt.EventQueue$4.run(EventQueue.java:731)
	at java.security.AccessController.doPrivileged(Native Method)
	at java.security.ProtectionDomain$JavaSecurityAccessImpl.doIntersectionPrivilege(ProtectionDomain.java:74)
	at java.awt.EventQueue.dispatchEvent(EventQueue.java:730)
	at oracle.javatools.internal.ui.EventQueueWrapper._dispatchEvent(EventQueueWrapper.java:169)
	at oracle.javatools.internal.ui.EventQueueWrapper.dispatchEvent(EventQueueWrapper.java:151)
	at java.awt.EventDispatchThread.pumpOneEventForFilters(EventDispatchThread.java:205)
	at java.awt.EventDispatchThread.pumpEventsForFilter(EventDispatchThread.java:116)
	at java.awt.EventDispatchThread.pumpEventsForHierarchy(EventDispatchThread.java:105)
	at java.awt.EventDispatchThread.pumpEvents(EventDispatchThread.java:101)
	at java.awt.EventDispatchThread.pumpEvents(EventDispatchThread.java:93)
	at java.awt.EventDispatchThread.run(EventDispatchThread.java:82)
2024-05-21 17:28:37 심각   - Illegal argument for setter
java.lang.IllegalArgumentException: object is not an instance of declaring class
	at sun.reflect.NativeMethodAccessorImpl.invoke0(Native Method)
	at sun.reflect.NativeMethodAccessorImpl.invoke(NativeMethodAccessorImpl.java:62)
	at sun.reflect.DelegatingMethodAccessorImpl.invoke(DelegatingMethodAccessorImpl.java:43)
	at java.lang.reflect.Method.invoke(Method.java:498)
	at oracle.dbtools.crest.model.metadata.MDTransformer.setProperty(MDTransformer.java:76)
	at oracle.dbtools.crest.model.metadata.XMLMapToObjTransformer.processProperties(XMLMapToObjTransformer.java:169)
	at oracle.dbtools.crest.model.metadata.XMLMapToObjTransformer.transformFromMap(XMLMapToObjTransformer.java:117)
	at oracle.dbtools.crest.model.metadata.XMLTransformationManager.transformFromMapToObject(XMLTransformationManager.java:1944)
	at oracle.dbtools.crest.model.metadata.XMLTransformationManager.transformFromMapToObject(XMLTransformationManager.java:1938)
	at oracle.dbtools.crest.model.design.storage.StorageDesign.cloneFromMemoryToAnotherSD_MD(StorageDesign.java:2862)
	at oracle.dbtools.crest.model.design.storage.StorageDesign.cloneFromMemoryToAnotherSD_MD(StorageDesign.java:2730)
	at oracle.dbtools.crest.model.design.compare.MergingModels.execute(MergingModels.java:194)
	at oracle.dbtools.crest.fcp.ERDEditor.copyToDataModeler(ERDEditor.java:487)
	at oracle.dbtools.crest.fcp.ERDEditor.handleEvent(ERDEditor.java:180)
	at oracle.ide.controller.IdeAction$ControllerDelegatingController.handleEvent(IdeAction.java:1488)
	at oracle.ide.controller.IdeAction.performAction(IdeAction.java:663)
	at oracle.ide.controller.IdeAction.actionPerformedImpl(IdeAction.java:1159)
	at oracle.ide.controller.IdeAction.actionPerformed(IdeAction.java:618)
	at javax.swing.AbstractButton.fireActionPerformed(AbstractButton.java:2022)
	at javax.swing.AbstractButton$Handler.actionPerformed(AbstractButton.java:2348)
	at javax.swing.DefaultButtonModel.fireActionPerformed(DefaultButtonModel.java:402)
	at javax.swing.DefaultButtonModel.setPressed(DefaultButtonModel.java:259)
	at javax.swing.plaf.basic.BasicButtonListener.mouseReleased(BasicButtonListener.java:252)
	at java.awt.AWTEventMulticaster.mouseReleased(AWTEventMulticaster.java:290)
	at java.awt.Component.processMouseEvent(Component.java:6539)
	at javax.swing.JComponent.processMouseEvent(JComponent.java:3324)
	at java.awt.Component.processEvent(Component.java:6304)
	at java.awt.Container.processEvent(Container.java:2239)
	at java.awt.Component.dispatchEventImpl(Component.java:4889)
	at java.awt.Container.dispatchEventImpl(Container.java:2297)
	at java.awt.Component.dispatchEvent(Component.java:4711)
	at java.awt.LightweightDispatcher.retargetMouseEvent(Container.java:4904)
	at java.awt.LightweightDispatcher.processMouseEvent(Container.java:4535)
	at java.awt.LightweightDispatcher.dispatchEvent(Container.java:4476)
	at java.awt.Container.dispatchEventImpl(Container.java:2283)
	at java.awt.Window.dispatchEventImpl(Window.java:2746)
	at java.awt.Component.dispatchEvent(Component.java:4711)
	at java.awt.EventQueue.dispatchEventImpl(EventQueue.java:760)
	at java.awt.EventQueue.access$500(EventQueue.java:97)
	at java.awt.EventQueue$3.run(EventQueue.java:709)
	at java.awt.EventQueue$3.run(EventQueue.java:703)
	at java.security.AccessController.doPrivileged(Native Method)
	at java.security.ProtectionDomain$JavaSecurityAccessImpl.doIntersectionPrivilege(ProtectionDomain.java:74)
	at java.security.ProtectionDomain$JavaSecurityAccessImpl.doIntersectionPrivilege(ProtectionDomain.java:84)
	at java.awt.EventQueue$4.run(EventQueue.java:733)
	at java.awt.EventQueue$4.run(EventQueue.java:731)
	at java.security.AccessController.doPrivileged(Native Method)
	at java.security.ProtectionDomain$JavaSecurityAccessImpl.doIntersectionPrivilege(ProtectionDomain.java:74)
	at java.awt.EventQueue.dispatchEvent(EventQueue.java:730)
	at oracle.javatools.internal.ui.EventQueueWrapper._dispatchEvent(EventQueueWrapper.java:169)
	at oracle.javatools.internal.ui.EventQueueWrapper.dispatchEvent(EventQueueWrapper.java:151)
	at java.awt.EventDispatchThread.pumpOneEventForFilters(EventDispatchThread.java:205)
	at java.awt.EventDispatchThread.pumpEventsForFilter(EventDispatchThread.java:116)
	at java.awt.EventDispatchThread.pumpEventsForHierarchy(EventDispatchThread.java:105)
	at java.awt.EventDispatchThread.pumpEvents(EventDispatchThread.java:101)
	at java.awt.EventDispatchThread.pumpEvents(EventDispatchThread.java:93)
	at java.awt.EventDispatchThread.run(EventDispatchThread.java:82)
2024-05-21 17:28:37 심각   - Illegal argument for setter
java.lang.IllegalArgumentException: object is not an instance of declaring class
	at sun.reflect.NativeMethodAccessorImpl.invoke0(Native Method)
	at sun.reflect.NativeMethodAccessorImpl.invoke(NativeMethodAccessorImpl.java:62)
	at sun.reflect.DelegatingMethodAccessorImpl.invoke(DelegatingMethodAccessorImpl.java:43)
	at java.lang.reflect.Method.invoke(Method.java:498)
	at oracle.dbtools.crest.model.metadata.MDTransformer.setProperty(MDTransformer.java:76)
	at oracle.dbtools.crest.model.metadata.XMLMapToObjTransformer.processProperties(XMLMapToObjTransformer.java:169)
	at oracle.dbtools.crest.model.metadata.XMLMapToObjTransformer.transformFromMap(XMLMapToObjTransformer.java:117)
	at oracle.dbtools.crest.model.metadata.XMLTransformationManager.transformFromMapToObject(XMLTransformationManager.java:1944)
	at oracle.dbtools.crest.model.metadata.XMLTransformationManager.transformFromMapToObject(XMLTransformationManager.java:1938)
	at oracle.dbtools.crest.model.design.storage.StorageDesign.cloneFromMemoryToAnotherSD_MD(StorageDesign.java:2862)
	at oracle.dbtools.crest.model.design.storage.StorageDesign.cloneFromMemoryToAnotherSD_MD(StorageDesign.java:2730)
	at oracle.dbtools.crest.model.design.compare.MergingModels.execute(MergingModels.java:194)
	at oracle.dbtools.crest.fcp.ERDEditor.copyToDataModeler(ERDEditor.java:487)
	at oracle.dbtools.crest.fcp.ERDEditor.handleEvent(ERDEditor.java:180)
	at oracle.ide.controller.IdeAction$ControllerDelegatingController.handleEvent(IdeAction.java:1488)
	at oracle.ide.controller.IdeAction.performAction(IdeAction.java:663)
	at oracle.ide.controller.IdeAction.actionPerformedImpl(IdeAction.java:1159)
	at oracle.ide.controller.IdeAction.actionPerformed(IdeAction.java:618)
	at javax.swing.AbstractButton.fireActionPerformed(AbstractButton.java:2022)
	at javax.swing.AbstractButton$Handler.actionPerformed(AbstractButton.java:2348)
	at javax.swing.DefaultButtonModel.fireActionPerformed(DefaultButtonModel.java:402)
	at javax.swing.DefaultButtonModel.setPressed(DefaultButtonModel.java:259)
	at javax.swing.plaf.basic.BasicButtonListener.mouseReleased(BasicButtonListener.java:252)
	at java.awt.AWTEventMulticaster.mouseReleased(AWTEventMulticaster.java:290)
	at java.awt.Component.processMouseEvent(Component.java:6539)
	at javax.swing.JComponent.processMouseEvent(JComponent.java:3324)
	at java.awt.Component.processEvent(Component.java:6304)
	at java.awt.Container.processEvent(Container.java:2239)
	at java.awt.Component.dispatchEventImpl(Component.java:4889)
	at java.awt.Container.dispatchEventImpl(Container.java:2297)
	at java.awt.Component.dispatchEvent(Component.java:4711)
	at java.awt.LightweightDispatcher.retargetMouseEvent(Container.java:4904)
	at java.awt.LightweightDispatcher.processMouseEvent(Container.java:4535)
	at java.awt.LightweightDispatcher.dispatchEvent(Container.java:4476)
	at java.awt.Container.dispatchEventImpl(Container.java:2283)
	at java.awt.Window.dispatchEventImpl(Window.java:2746)
	at java.awt.Component.dispatchEvent(Component.java:4711)
	at java.awt.EventQueue.dispatchEventImpl(EventQueue.java:760)
	at java.awt.EventQueue.access$500(EventQueue.java:97)
	at java.awt.EventQueue$3.run(EventQueue.java:709)
	at java.awt.EventQueue$3.run(EventQueue.java:703)
	at java.security.AccessController.doPrivileged(Native Method)
	at java.security.ProtectionDomain$JavaSecurityAccessImpl.doIntersectionPrivilege(ProtectionDomain.java:74)
	at java.security.ProtectionDomain$JavaSecurityAccessImpl.doIntersectionPrivilege(ProtectionDomain.java:84)
	at java.awt.EventQueue$4.run(EventQueue.java:733)
	at java.awt.EventQueue$4.run(EventQueue.java:731)
	at java.security.AccessController.doPrivileged(Native Method)
	at java.security.ProtectionDomain$JavaSecurityAccessImpl.doIntersectionPrivilege(ProtectionDomain.java:74)
	at java.awt.EventQueue.dispatchEvent(EventQueue.java:730)
	at oracle.javatools.internal.ui.EventQueueWrapper._dispatchEvent(EventQueueWrapper.java:169)
	at oracle.javatools.internal.ui.EventQueueWrapper.dispatchEvent(EventQueueWrapper.java:151)
	at java.awt.EventDispatchThread.pumpOneEventForFilters(EventDispatchThread.java:205)
	at java.awt.EventDispatchThread.pumpEventsForFilter(EventDispatchThread.java:116)
	at java.awt.EventDispatchThread.pumpEventsForHierarchy(EventDispatchThread.java:105)
	at java.awt.EventDispatchThread.pumpEvents(EventDispatchThread.java:101)
	at java.awt.EventDispatchThread.pumpEvents(EventDispatchThread.java:93)
	at java.awt.EventDispatchThread.run(EventDispatchThread.java:82)
